0 info it worked if it ends with ok
1 verbose cli [ 'C:\\Program Files\\nodejs\\node.exe',
1 verbose cli   'C:\\Program Files\\nodejs\\node_modules\\npm\\bin\\npm-cli.js',
1 verbose cli   'run',
1 verbose cli   'compile' ]
2 info using npm@3.10.3
3 info using node@v6.3.0
4 verbose run-script [ 'precompile', 'compile', 'postcompile' ]
5 info lifecycle es6-module@1.0.0~precompile: es6-module@1.0.0
6 silly lifecycle es6-module@1.0.0~precompile: no script for precompile, continuing
7 info lifecycle es6-module@1.0.0~compile: es6-module@1.0.0
8 verbose lifecycle es6-module@1.0.0~compile: unsafe-perm in lifecycle true
9 verbose lifecycle es6-module@1.0.0~compile: PATH: C:\Program Files\nodejs\node_modules\npm\bin\node-gyp-bin;E:\Github-Projects\barrior.github.com\node.js\ES6-syntax\module\node_modules\.bin;C:\Program Files\nodejs;C:\Users\weid\bin;F:\Git\Git\mingw64\bin;F:\Git\Git\usr\local\bin;F:\Git\Git\usr\bin;F:\Git\Git\usr\bin;F:\Git\Git\mingw64\bin;F:\Git\Git\usr\bin;C:\Users\weid\bin;C:\Windows\system32;C:\Windows;C:\Windows\System32\Wbem;C:\Windows\System32\WindowsPowerShell\v1.0;F:\TortoiseGit\bin;C:\Program Files\nodejs;F:\Git\Git\cmd;C:\Users\weid\AppData\Roaming\npm;F:\Git\Git\usr\bin\vendor_perl;F:\Git\Git\usr\bin\core_perl
10 verbose lifecycle es6-module@1.0.0~compile: CWD: E:\Github-Projects\barrior.github.com\node.js\ES6-syntax\module
11 silly lifecycle es6-module@1.0.0~compile: Args: [ '/d /s /c', 'babel src -o dist -m amd' ]
12 silly lifecycle es6-module@1.0.0~compile: Returned: code: 2  signal: null
13 info lifecycle es6-module@1.0.0~compile: Failed to exec compile script
14 verbose stack Error: es6-module@1.0.0 compile: `babel src -o dist -m amd`
14 verbose stack Exit status 2
14 verbose stack     at EventEmitter.<anonymous> (C:\Program Files\nodejs\node_modules\npm\lib\utils\lifecycle.js:242:16)
14 verbose stack     at emitTwo (events.js:106:13)
14 verbose stack     at EventEmitter.emit (events.js:191:7)
14 verbose stack     at ChildProcess.<anonymous> (C:\Program Files\nodejs\node_modules\npm\lib\utils\spawn.js:40:14)
14 verbose stack     at emitTwo (events.js:106:13)
14 verbose stack     at ChildProcess.emit (events.js:191:7)
14 verbose stack     at maybeClose (internal/child_process.js:852:16)
14 verbose stack     at Process.ChildProcess._handle.onexit (internal/child_process.js:215:5)
15 verbose pkgid es6-module@1.0.0
16 verbose cwd E:\Github-Projects\barrior.github.com\node.js\ES6-syntax\module
17 error Windows_NT 6.1.7601
18 error argv "C:\\Program Files\\nodejs\\node.exe" "C:\\Program Files\\nodejs\\node_modules\\npm\\bin\\npm-cli.js" "run" "compile"
19 error node v6.3.0
20 error npm  v3.10.3
21 error code ELIFECYCLE
22 error es6-module@1.0.0 compile: `babel src -o dist -m amd`
22 error Exit status 2
23 error Failed at the es6-module@1.0.0 compile script 'babel src -o dist -m amd'.
23 error Make sure you have the latest version of node.js and npm installed.
23 error If you do, this is most likely a problem with the es6-module package,
23 error not with npm itself.
23 error Tell the author that this fails on your system:
23 error     babel src -o dist -m amd
23 error You can get information on how to open an issue for this project with:
23 error     npm bugs es6-module
23 error Or if that isn't available, you can get their info via:
23 error     npm owner ls es6-module
23 error There is likely additional logging output above.
24 verbose exit [ 1, true ]
